<?xml version="1.0" encoding="UTF-8"?>
<testsuite name="Exercises" tests="1" skipped="0" failures="0" errors="0" timestamp="2023-06-21T22:20:41" hostname="LAPTOP-VI9D13P0" time="0.032">
  <properties/>
  <testcase name="Returns a string in the form of  phone number" classname="haroldsanchez.unittest.ExerciseTest" time="0.032"/>
  <system-out><![CDATA[expectedResult: (123)456-7890
actualResult: (123)456-7890
]]></system-out>
  <system-err><![CDATA[]]></system-err>
</testsuite>
